#
# A fatal error has been detected by the Java Runtime Environment:
#
#  SIGSEGV (0xb) at pc=0x0000000109648358, pid=15957, tid=16899
#
# JRE version: Java(TM) SE Runtime Environment (8.0_91-b14) (build 1.8.0_91-b14)
# Java VM: Java HotSpot(TM) 64-Bit Server VM (25.91-b14 mixed mode bsd-amd64 compressed oops)
# Problematic frame:
# V  [libjvm.dylib+0x448358]
#
# Failed to write core dump. Core dumps have been disabled. To enable core dumping, try "ulimit -c unlimited" before starting Java again
#
# If you would like to submit a bug report, please visit:
#   http://bugreport.java.com/bugreport/crash.jsp
#

---------------  T H R E A D  ---------------

Current thread (0x00007fd071815000):  JavaThread "JDWP Transport Listener: dt_socket" daemon [_thread_in_vm, id=16899, stack(0x0000700000b3b000,0x0000700000c3b000)]

siginfo: si_signo: 11 (SIGSEGV), si_code: 0 (unknown), si_addr: 0x0000000000000000

Registers:
RAX=0x0000000000000001, RBX=0x0000700000c3aa8b, RCX=0x0000000109a18340, RDX=0x0000700000c3aa8b
RSP=0x0000700000c3a9d0, RBP=0x0000700000c3a9e0, RSI=0x00007fd071815000, RDI=0x7000000000000000
R8 =0x0000000000000002, R9 =0x00007fd070535140, R10=0x000000003c4c3455, R11=0x00007fd070500000
R12=0x00007fd071815000, R13=0x7000000000000000, R14=0x7000000000000000, R15=0x00007fd07050eca0
RIP=0x0000000109648358, EFLAGS=0x0000000000010206, ERR=0x0000000000000000
  TRAPNO=0x000000000000000d

Top of Stack: (sp=0x0000700000c3a9d0)
0x0000700000c3a9d0:   0000700000c3aa8b 0000700000c3aa8b
0x0000700000c3a9e0:   0000700000c3aa40 0000000109557316
0x0000700000c3a9f0:   00007fd071815000 0000000000000000
0x0000700000c3aa00:   0000000000000000 0000000000000000
0x0000700000c3aa10:   00007fd071815000 00007fd071815000
0x0000700000c3aa20:   0000700000c3aa8b 0000700000c3aa90
0x0000700000c3aa30:   7000000000000000 0000000000000009
0x0000700000c3aa40:   0000700000c3aa60 000000010a1b4780
0x0000700000c3aa50:   0000000000000001 0000700000c3ab08
0x0000700000c3aa60:   0000700000c3aad0 000000010a1991f3
0x0000700000c3aa70:   0000700000c3aaa0 00007fd070535030
0x0000700000c3aa80:   0000000a00000032 0000000a00c3ab08
0x0000700000c3aa90:   0000000000000000 0000000000000000
0x0000700000c3aaa0:   0000000000000000 0000700000c3ac90
0x0000700000c3aab0:   000000010a1bbe7a 00007fd07041c690
0x0000700000c3aac0:   0000700000c3ab08 000000010a1c7598
0x0000700000c3aad0:   0000700000c3aae0 000000010a1992ec
0x0000700000c3aae0:   0000700000c3ad00 000000010a1a2898
0x0000700000c3aaf0:   000009a200000013 00000000000f0200
0x0000700000c3ab00:   00007fd0704270a0 00007fd070536047
0x0000700000c3ab10:   00007fd000000161 00007fd0705318d0
0x0000700000c3ab20:   00007fd00000012c 0000700000c3ab58
0x0000700000c3ab30:   00007fd0705318d0 0000000000000000
0x0000700000c3ab40:   000009a20000001c 00007fff00008380
0x0000700000c3ab50:   0000700000c3ab58 d07f00000a000000
0x0000700000c3ab60:   0800000038195370 3e74696e696c633c
0x0000700000c3ab70:   0056292803000000 0008000000000000
0x0000700000c3ab80:   0030195370d07f00 74696e693c060000
0x0000700000c3ab90:   562928030000003e 0100000000000000
0x0000700000c3aba0:   40195370d07f0000 6e69616d04000000
0x0000700000c3abb0:   6a4c5b2816000000 676e616c2f617661
0x0000700000c3abc0:   3b676e697274532f 0000000000005629 

Instructions: (pc=0x0000000109648358)
0x0000000109648338:   40 48 48 85 c0 75 e0 30 c0 0f b6 c0 5d c3 31 c0
0x0000000109648348:   5d c3 55 48 89 e5 53 48 83 ec 08 48 85 ff 74 24
0x0000000109648358:   48 8b 1f 48 85 db 74 1c 48 83 fb 37 74 16 48 8b
0x0000000109648368:   03 48 89 df ff 50 10 84 c0 b8 00 00 00 00 48 0f 

Register to memory mapping:

RAX=0x0000000000000001 is an unknown value
RBX=0x0000700000c3aa8b is pointing into the stack for thread: 0x00007fd071815000
RCX=0x0000000109a18340: UseMembar+0 in /Library/Java/JavaVirtualMachines/jdk1.8.0_91.jdk/Contents/Home/jre/lib/server/libjvm.dylib at 0x0000000109200000
RDX=0x0000700000c3aa8b is pointing into the stack for thread: 0x00007fd071815000
RSP=0x0000700000c3a9d0 is pointing into the stack for thread: 0x00007fd071815000
RBP=0x0000700000c3a9e0 is pointing into the stack for thread: 0x00007fd071815000
RSI=0x00007fd071815000 is a thread
RDI=0x7000000000000000 is an unknown value
R8 =0x0000000000000002 is an unknown value
R9 =0x00007fd070535140 is an unknown value
R10=0x000000003c4c3455 is an unknown value
R11=0x00007fd070500000 is an unknown value
R12=0x00007fd071815000 is a thread
R13=0x7000000000000000 is an unknown value
R14=0x7000000000000000 is an unknown value
R15=0x00007fd07050eca0 is an unknown value


Stack: [0x0000700000b3b000,0x0000700000c3b000],  sp=0x0000700000c3a9d0,  free space=1022k
Native frames: (J=compiled Java code, j=interpreted, Vv=VM code, C=native code)
V  [libjvm.dylib+0x448358]
V  [libjvm.dylib+0x357316]
C  [libjdwp.dylib+0x20780]  isMethodSynthetic+0x63
C  [libjdwp.dylib+0x51f3]  methods1+0x10b
C  [libjdwp.dylib+0x52ec]  methodsWithGeneric+0xe
C  [libjdwp.dylib+0xe898]  debugLoop_run+0x1ce
C  [libjdwp.dylib+0x1f6ba]  attachThread+0x4d
V  [libjvm.dylib+0x39867c]
V  [libjvm.dylib+0x563d17]
V  [libjvm.dylib+0x565412]
V  [libjvm.dylib+0x484f82]
C  [libsystem_pthread.dylib+0x3c13]  _pthread_body+0x83
C  [libsystem_pthread.dylib+0x3b90]  _pthread_body+0x0
C  [libsystem_pthread.dylib+0x1375]  thread_start+0xd
C  0x0000000000000000


---------------  P R O C E S S  ---------------

Java Threads: ( => current thread )
  0x00007fd07103d800 JavaThread "Service Thread" daemon [_thread_blocked, id=19971, stack(0x000070000114d000,0x000070000124d000)]
  0x00007fd07103e800 JavaThread "C1 CompilerThread2" daemon [_thread_blocked, id=19459, stack(0x000070000104a000,0x000070000114a000)]
  0x00007fd071819000 JavaThread "C2 CompilerThread1" daemon [_thread_blocked, id=18947, stack(0x0000700000f47000,0x0000700001047000)]
  0x00007fd071817000 JavaThread "C2 CompilerThread0" daemon [_thread_blocked, id=18435, stack(0x0000700000e44000,0x0000700000f44000)]
  0x00007fd071816800 JavaThread "JDWP Command Reader" daemon [_thread_in_native, id=17923, stack(0x0000700000d41000,0x0000700000e41000)]
  0x00007fd071815800 JavaThread "JDWP Event Helper Thread" daemon [_thread_blocked, id=17411, stack(0x0000700000c3e000,0x0000700000d3e000)]
=>0x00007fd071815000 JavaThread "JDWP Transport Listener: dt_socket" daemon [_thread_in_vm, id=16899, stack(0x0000700000b3b000,0x0000700000c3b000)]
  0x00007fd07104a800 JavaThread "Signal Dispatcher" daemon [_thread_blocked, id=14351, stack(0x0000700000a38000,0x0000700000b38000)]
  0x00007fd07180d000 JavaThread "Finalizer" daemon [_thread_blocked, id=12291, stack(0x000070000082f000,0x000070000092f000)]
  0x00007fd07081d000 JavaThread "Reference Handler" daemon [_thread_blocked, id=11779, stack(0x000070000072c000,0x000070000082c000)]
  0x00007fd07080a800 JavaThread "main" [_thread_in_native, id=5891, stack(0x000070000011a000,0x000070000021a000)]

Other Threads:
  0x00007fd071029000 VMThread [stack: 0x0000700000629000,0x0000700000729000] [id=11267]
  0x00007fd070805000 WatcherThread [stack: 0x0000700001250000,0x0000700001350000] [id=20483]

VM state:not at safepoint (normal execution)

VM Mutex/Monitor currently owned by a thread: None

Heap:
 PSYoungGen      total 38400K, used 2662K [0x0000000795580000, 0x0000000798000000, 0x00000007c0000000)
  eden space 33280K, 8% used [0x0000000795580000,0x00000007958199d8,0x0000000797600000)
  from space 5120K, 0% used [0x0000000797b00000,0x0000000797b00000,0x0000000798000000)
  to   space 5120K, 0% used [0x0000000797600000,0x0000000797600000,0x0000000797b00000)
 ParOldGen       total 87552K, used 0K [0x0000000740000000, 0x0000000745580000, 0x0000000795580000)
  object space 87552K, 0% used [0x0000000740000000,0x0000000740000000,0x0000000745580000)
 Metaspace       used 3510K, capacity 4696K, committed 4864K, reserved 1056768K
  class space    used 386K, capacity 392K, committed 512K, reserved 1048576K

Card table byte_map: [0x00000001195b4000,0x00000001199b5000] byte_map_base: 0x0000000115bb4000

Marking Bits: (ParMarkBitMap*) 0x0000000109ae6eb0
 Begin Bits: [0x0000000119c60000, 0x000000011bc60000)
 End Bits:   [0x000000011bc60000, 0x000000011dc60000)

Polling page: 0x00000001089fd000

CodeCache: size=245760Kb used=1145Kb max_used=1145Kb free=244614Kb
 bounds [0x000000010a1f4000, 0x000000010a464000, 0x00000001191f4000]
 total_blobs=276 nmethods=43 adapters=155
 compilation: enabled

Compilation events (10 events):
Event: 0.599 Thread 0x00007fd07103e800   39       3       java.lang.String::substring (79 bytes)
Event: 0.600 Thread 0x00007fd07103e800 nmethod 39 0x000000010a30f550 code [0x000000010a30f720, 0x000000010a30fc18]
Event: 0.600 Thread 0x00007fd07103e800   41       3       java.util.StringTokenizer::skipDelimiters (116 bytes)
Event: 0.601 Thread 0x00007fd07103e800 nmethod 41 0x000000010a30fed0 code [0x000000010a310100, 0x000000010a310cd8]
Event: 0.601 Thread 0x00007fd07103e800   40       3       java.util.HashMap::afterNodeInsertion (1 bytes)
Event: 0.601 Thread 0x00007fd07103e800 nmethod 40 0x000000010a311210 code [0x000000010a311360, 0x000000010a3114b0]
Event: 0.601 Thread 0x00007fd07103e800   42       3       java.lang.String::startsWith (7 bytes)
Event: 0.601 Thread 0x00007fd07103e800 nmethod 42 0x000000010a311510 code [0x000000010a311680, 0x000000010a3118a8]
Event: 14.265 Thread 0x00007fd07103e800   43       1       java.nio.Buffer::position (5 bytes)
Event: 14.265 Thread 0x00007fd07103e800 nmethod 43 0x000000010a312590 code [0x000000010a3126e0, 0x000000010a3127f0]

GC Heap History (0 events):
No events

Deoptimization events (0 events):
No events

Internal exceptions (6 events):
Event: 0.062 Thread 0x00007fd07080a800 Exception <a 'java/lang/NoSuchMethodError': Method sun.misc.Unsafe.defineClass(Ljava/lang/String;[BII)Ljava/lang/Class; name or signature does not match> (0x0000000795587cc0) thrown at [/Users/java_re/workspace/8-2-build-macosx-x86_64/jdk8u91/6644/hotspot
Event: 0.062 Thread 0x00007fd07080a800 Exception <a 'java/lang/NoSuchMethodError': Method sun.misc.Unsafe.prefetchRead(Ljava/lang/Object;J)V name or signature does not match> (0x0000000795587fa8) thrown at [/Users/java_re/workspace/8-2-build-macosx-x86_64/jdk8u91/6644/hotspot/src/share/vm/prim
Event: 0.589 Thread 0x00007fd07080a800 Exception <a 'java/security/PrivilegedActionException'> (0x000000079561c5f0) thrown at [/Users/java_re/workspace/8-2-build-macosx-x86_64/jdk8u91/6644/hotspot/src/share/vm/prims/jvm.cpp, line 1386]
Event: 0.589 Thread 0x00007fd07080a800 Exception <a 'java/security/PrivilegedActionException'> (0x000000079561c9e8) thrown at [/Users/java_re/workspace/8-2-build-macosx-x86_64/jdk8u91/6644/hotspot/src/share/vm/prims/jvm.cpp, line 1386]
Event: 0.589 Thread 0x00007fd07080a800 Exception <a 'java/security/PrivilegedActionException'> (0x000000079561fe70) thrown at [/Users/java_re/workspace/8-2-build-macosx-x86_64/jdk8u91/6644/hotspot/src/share/vm/prims/jvm.cpp, line 1386]
Event: 0.589 Thread 0x00007fd07080a800 Exception <a 'java/security/PrivilegedActionException'> (0x0000000795620268) thrown at [/Users/java_re/workspace/8-2-build-macosx-x86_64/jdk8u91/6644/hotspot/src/share/vm/prims/jvm.cpp, line 1386]

Events (10 events):
Event: 1029.643 Executing VM operation: ChangeBreakpoints
Event: 1029.643 Executing VM operation: ChangeBreakpoints done
Event: 1037.465 Executing VM operation: ChangeBreakpoints
Event: 1037.466 Executing VM operation: ChangeBreakpoints done
Event: 1074.583 Executing VM operation: ChangeBreakpoints
Event: 1074.583 Executing VM operation: ChangeBreakpoints done
Event: 1074.584 Executing VM operation: ChangeBreakpoints
Event: 1074.584 Executing VM operation: ChangeBreakpoints done
Event: 2049.991 Executing VM operation: RedefineClasses
Event: 2049.992 Executing VM operation: RedefineClasses done


Dynamic libraries:
0x000000000b07f000 	/System/Library/Frameworks/Cocoa.framework/Versions/A/Cocoa
0x000000000b07f000 	/System/Library/Frameworks/Security.framework/Versions/A/Security
0x000000000b07f000 	/System/Library/Frameworks/ApplicationServices.framework/Versions/A/ApplicationServices
0x000000000b07f000 	/usr/lib/libz.1.dylib
0x000000000b07f000 	/usr/lib/libSystem.B.dylib
0x000000000b07f000 	/usr/lib/libobjc.A.dylib
0x000000000b07f000 	/System/Library/Frameworks/CoreFoundation.framework/Versions/A/CoreFoundation
0x000000000b07f000 	/System/Library/Frameworks/Foundation.framework/Versions/C/Foundation
0x000000000b07f000 	/System/Library/Frameworks/AppKit.framework/Versions/C/AppKit
0x000000000b07f000 	/System/Library/Frameworks/CoreData.framework/Versions/A/CoreData
0x000000000b07f000 	/System/Library/PrivateFrameworks/RemoteViewServices.framework/Versions/A/RemoteViewServices
0x000000000b07f000 	/System/Library/PrivateFrameworks/UIFoundation.framework/Versions/A/UIFoundation
0x000000000b07f000 	/usr/lib/libScreenReader.dylib
0x000000000b07f000 	/System/Library/Frameworks/Accelerate.framework/Versions/A/Accelerate
0x000000000b07f000 	/System/Library/Frameworks/IOSurface.framework/Versions/A/IOSurface
0x000000000b07f000 	/System/Library/Frameworks/AudioToolbox.framework/Versions/A/AudioToolbox
0x000000000b07f000 	/System/Library/Frameworks/AudioUnit.framework/Versions/A/AudioUnit
0x000000000b07f000 	/System/Library/PrivateFrameworks/DataDetectorsCore.framework/Versions/A/DataDetectorsCore
0x000000000b07f000 	/System/Library/PrivateFrameworks/DesktopServicesPriv.framework/Versions/A/DesktopServicesPriv
0x000000000b07f000 	/System/Library/Frameworks/Carbon.framework/Versions/A/Frameworks/HIToolbox.framework/Versions/A/HIToolbox
0x000000000b07f000 	/System/Library/Frameworks/QuartzCore.framework/Versions/A/QuartzCore
0x000000000b07f000 	/System/Library/Frameworks/Carbon.framework/Versions/A/Frameworks/SpeechRecognition.framework/Versions/A/SpeechRecognition
0x000000000b07f000 	/usr/lib/libauto.dylib
0x000000000b07f000 	/usr/lib/libicucore.A.dylib
0x000000000b07f000 	/usr/lib/libxml2.2.dylib
0x000000000b07f000 	/System/Library/PrivateFrameworks/CoreUI.framework/Versions/A/CoreUI
0x000000000b07f000 	/System/Library/Frameworks/CoreAudio.framework/Versions/A/CoreAudio
0x000000000b07f000 	/System/Library/Frameworks/DiskArbitration.framework/Versions/A/DiskArbitration
0x000000000b07f000 	/usr/lib/liblangid.dylib
0x000000000b07f000 	/System/Library/PrivateFrameworks/MultitouchSupport.framework/Versions/A/MultitouchSupport
0x000000000b07f000 	/System/Library/Frameworks/IOKit.framework/Versions/A/IOKit
0x000000000b07f000 	/usr/lib/libDiagnosticMessagesClient.dylib
0x000000000b07f000 	/System/Library/Frameworks/CoreServices.framework/Versions/A/CoreServices
0x000000000b07f000 	/System/Library/PrivateFrameworks/PerformanceAnalysis.framework/Versions/A/PerformanceAnalysis
0x000000000b07f000 	/System/Library/PrivateFrameworks/GenerationalStorage.framework/Versions/A/GenerationalStorage
0x000000000b07f000 	/System/Library/Frameworks/OpenGL.framework/Versions/A/OpenGL
0x000000000b07f000 	/System/Library/PrivateFrameworks/Sharing.framework/Versions/A/Sharing
0x000000000b07f000 	/System/Library/Frameworks/CoreGraphics.framework/Versions/A/CoreGraphics
0x000000000b07f000 	/System/Library/Frameworks/CoreImage.framework/Versions/A/CoreImage
0x000000000b07f000 	/System/Library/Frameworks/CoreText.framework/Versions/A/CoreText
0x000000000b07f000 	/System/Library/Frameworks/ImageIO.framework/Versions/A/ImageIO
0x000000000b07f000 	/System/Library/PrivateFrameworks/Backup.framework/Versions/A/Backup
0x000000000b07f000 	/usr/lib/libextension.dylib
0x000000000b07f000 	/usr/lib/libarchive.2.dylib
0x000000000b07f000 	/System/Library/Frameworks/CFNetwork.framework/Versions/A/CFNetwork
0x000000000b07f000 	/System/Library/Frameworks/SystemConfiguration.framework/Versions/A/SystemConfiguration
0x000000000b07f000 	/usr/lib/libCRFSuite.dylib
0x000000000b07f000 	/usr/lib/libc++.1.dylib
0x000000000b07f000 	/usr/lib/libc++abi.dylib
0x000000000b07f000 	/usr/lib/system/libcache.dylib
0x000000000b07f000 	/usr/lib/system/libcommonCrypto.dylib
0x000000000b07f000 	/usr/lib/system/libcompiler_rt.dylib
0x000000000b07f000 	/usr/lib/system/libcopyfile.dylib
0x000000000b07f000 	/usr/lib/system/libcorecrypto.dylib
0x000000000b07f000 	/usr/lib/system/libdispatch.dylib
0x000000000b07f000 	/usr/lib/system/libdyld.dylib
0x000000000b07f000 	/usr/lib/system/libkeymgr.dylib
0x000000000b07f000 	/usr/lib/system/liblaunch.dylib
0x000000000b07f000 	/usr/lib/system/libmacho.dylib
0x000000000b07f000 	/usr/lib/system/libquarantine.dylib
0x000000000b07f000 	/usr/lib/system/libremovefile.dylib
0x000000000b07f000 	/usr/lib/system/libsystem_asl.dylib
0x000000000b07f000 	/usr/lib/system/libsystem_blocks.dylib
0x000000000b07f000 	/usr/lib/system/libsystem_c.dylib
0x000000000b07f000 	/usr/lib/system/libsystem_configuration.dylib
0x000000000b07f000 	/usr/lib/system/libsystem_coreservices.dylib
0x000000000b07f000 	/usr/lib/system/libsystem_coretls.dylib
0x000000000b07f000 	/usr/lib/system/libsystem_dnssd.dylib
0x000000000b07f000 	/usr/lib/system/libsystem_info.dylib
0x000000000b07f000 	/usr/lib/system/libsystem_kernel.dylib
0x000000000b07f000 	/usr/lib/system/libsystem_m.dylib
0x000000000b07f000 	/usr/lib/system/libsystem_malloc.dylib
0x000000000b07f000 	/usr/lib/system/libsystem_network.dylib
0x000000000b07f000 	/usr/lib/system/libsystem_networkextension.dylib
0x000000000b07f000 	/usr/lib/system/libsystem_notify.dylib
0x000000000b07f000 	/usr/lib/system/libsystem_platform.dylib
0x000000000b07f000 	/usr/lib/system/libsystem_pthread.dylib
0x000000000b07f000 	/usr/lib/system/libsystem_sandbox.dylib
0x000000000b07f000 	/usr/lib/system/libsystem_secinit.dylib
0x000000000b07f000 	/usr/lib/system/libsystem_trace.dylib
0x000000000b07f000 	/usr/lib/system/libunc.dylib
0x000000000b07f000 	/usr/lib/system/libunwind.dylib
0x000000000b07f000 	/usr/lib/system/libxpc.dylib
0x000000000b07f000 	/usr/lib/libenergytrace.dylib
0x000000000b07f000 	/usr/lib/libbsm.0.dylib
0x000000000b07f000 	/usr/lib/system/libkxld.dylib
0x000000000b07f000 	/usr/lib/libxar.1.dylib
0x000000000b07f000 	/usr/lib/libsqlite3.dylib
0x000000000b07f000 	/usr/lib/libpam.2.dylib
0x000000000b07f000 	/usr/lib/libOpenScriptingUtil.dylib
0x000000000b07f000 	/usr/lib/libbz2.1.0.dylib
0x000000000b07f000 	/usr/lib/liblzma.5.dylib
0x000000000b07f000 	/System/Library/Frameworks/CoreServices.framework/Versions/A/Frameworks/FSEvents.framework/Versions/A/FSEvents
0x000000000b07f000 	/System/Library/Frameworks/CoreServices.framework/Versions/A/Frameworks/CarbonCore.framework/Versions/A/CarbonCore
0x000000000b07f000 	/System/Library/Frameworks/CoreServices.framework/Versions/A/Frameworks/Metadata.framework/Versions/A/Metadata
0x000000000b07f000 	/System/Library/Frameworks/CoreServices.framework/Versions/A/Frameworks/OSServices.framework/Versions/A/OSServices
0x000000000b07f000 	/System/Library/Frameworks/CoreServices.framework/Versions/A/Frameworks/SearchKit.framework/Versions/A/SearchKit
0x000000000b07f000 	/System/Library/Frameworks/CoreServices.framework/Versions/A/Frameworks/AE.framework/Versions/A/AE
0x000000000b07f000 	/System/Library/Frameworks/CoreServices.framework/Versions/A/Frameworks/LaunchServices.framework/Versions/A/LaunchServices
0x000000000b07f000 	/System/Library/Frameworks/CoreServices.framework/Versions/A/Frameworks/DictionaryServices.framework/Versions/A/DictionaryServices
0x000000000b07f000 	/System/Library/Frameworks/CoreServices.framework/Versions/A/Frameworks/SharedFileList.framework/Versions/A/SharedFileList
0x000000000b07f000 	/System/Library/Frameworks/NetFS.framework/Versions/A/NetFS
0x000000000b07f000 	/System/Library/PrivateFrameworks/NetAuth.framework/Versions/A/NetAuth
0x000000000b07f000 	/System/Library/PrivateFrameworks/login.framework/Versions/A/Frameworks/loginsupport.framework/Versions/A/loginsupport
0x000000000b07f000 	/System/Library/PrivateFrameworks/TCC.framework/Versions/A/TCC
0x000000000b07f000 	/usr/lib/libmecabra.dylib
0x000000000b07f000 	/System/Library/Frameworks/ApplicationServices.framework/Versions/A/Frameworks/ATS.framework/Versions/A/ATS
0x000000000b07f000 	/System/Library/Frameworks/ApplicationServices.framework/Versions/A/Frameworks/ColorSync.framework/Versions/A/ColorSync
0x000000000b07f000 	/System/Library/Frameworks/ApplicationServices.framework/Versions/A/Frameworks/HIServices.framework/Versions/A/HIServices
0x000000000b07f000 	/System/Library/Frameworks/ApplicationServices.framework/Versions/A/Frameworks/LangAnalysis.framework/Versions/A/LangAnalysis
0x000000000b07f000 	/System/Library/Frameworks/ApplicationServices.framework/Versions/A/Frameworks/PrintCore.framework/Versions/A/PrintCore
0x000000000b07f000 	/System/Library/Frameworks/ApplicationServices.framework/Versions/A/Frameworks/QD.framework/Versions/A/QD
0x000000000b07f000 	/System/Library/Frameworks/ApplicationServices.framework/Versions/A/Frameworks/SpeechSynthesis.framework/Versions/A/SpeechSynthesis
0x000000000b07f000 	/System/Library/Frameworks/Metal.framework/Versions/A/Metal
0x000000000b07f000 	/System/Library/Frameworks/Accelerate.framework/Versions/A/Frameworks/vImage.framework/Versions/A/vImage
0x000000000b07f000 	/System/Library/Frameworks/Accelerate.framework/Versions/A/Frameworks/vecLib.framework/Versions/A/vecLib
0x000000000b07f000 	/System/Library/Frameworks/Accelerate.framework/Versions/A/Frameworks/vecLib.framework/Versions/A/libvDSP.dylib
0x000000000b07f000 	/System/Library/Frameworks/Accelerate.framework/Versions/A/Frameworks/vecLib.framework/Versions/A/libvMisc.dylib
0x000000000b07f000 	/System/Library/Frameworks/Accelerate.framework/Versions/A/Frameworks/vecLib.framework/Versions/A/libLAPACK.dylib
0x000000000b07f000 	/System/Library/Frameworks/Accelerate.framework/Versions/A/Frameworks/vecLib.framework/Versions/A/libBLAS.dylib
0x000000000b07f000 	/System/Library/Frameworks/Accelerate.framework/Versions/A/Frameworks/vecLib.framework/Versions/A/libLinearAlgebra.dylib
0x000000000b07f000 	/System/Library/Frameworks/Accelerate.framework/Versions/A/Frameworks/vecLib.framework/Versions/A/libSparseBLAS.dylib
0x000000000b07f000 	/System/Library/PrivateFrameworks/GPUCompiler.framework/libmetal_timestamp.dylib
0x000000000b07f000 	/System/Library/Frameworks/OpenGL.framework/Versions/A/Libraries/libCoreFSCache.dylib
0x000000000b07f000 	/System/Library/PrivateFrameworks/IOAccelerator.framework/Versions/A/IOAccelerator
0x000000000b07f000 	/System/Library/Frameworks/ApplicationServices.framework/Versions/A/Frameworks/ATS.framework/Versions/A/Resources/libFontParser.dylib
0x000000000b07f000 	/System/Library/Frameworks/ApplicationServices.framework/Versions/A/Frameworks/ATS.framework/Versions/A/Resources/libFontRegistry.dylib
0x000000000b07f000 	/System/Library/PrivateFrameworks/AppleVPA.framework/Versions/A/AppleVPA
0x000000000b07f000 	/System/Library/PrivateFrameworks/AppleJPEG.framework/Versions/A/AppleJPEG
0x000000000b07f000 	/System/Library/Frameworks/ImageIO.framework/Versions/A/Resources/libJPEG.dylib
0x000000000b07f000 	/System/Library/Frameworks/ImageIO.framework/Versions/A/Resources/libTIFF.dylib
0x000000000b07f000 	/System/Library/Frameworks/ImageIO.framework/Versions/A/Resources/libPng.dylib
0x000000000b07f000 	/System/Library/Frameworks/ImageIO.framework/Versions/A/Resources/libGIF.dylib
0x000000000b07f000 	/System/Library/Frameworks/ImageIO.framework/Versions/A/Resources/libJP2.dylib
0x000000000b07f000 	/System/Library/Frameworks/ImageIO.framework/Versions/A/Resources/libRadiance.dylib
0x000000000b07f000 	/System/Library/Frameworks/CoreVideo.framework/Versions/A/CoreVideo
0x000000000b07f000 	/System/Library/Frameworks/OpenGL.framework/Versions/A/Libraries/libGLU.dylib
0x000000000b07f000 	/System/Library/Frameworks/OpenGL.framework/Versions/A/Libraries/libGFXShared.dylib
0x000000000b07f000 	/System/Library/Frameworks/OpenGL.framework/Versions/A/Libraries/libGL.dylib
0x000000000b07f000 	/System/Library/Frameworks/OpenGL.framework/Versions/A/Libraries/libGLImage.dylib
0x000000000b07f000 	/System/Library/Frameworks/OpenGL.framework/Versions/A/Libraries/libCVMSPluginSupport.dylib
0x000000000b07f000 	/System/Library/Frameworks/OpenGL.framework/Versions/A/Libraries/libCoreVMClient.dylib
0x000000000b07f000 	/usr/lib/libcups.2.dylib
0x000000000b07f000 	/System/Library/Frameworks/Kerberos.framework/Versions/A/Kerberos
0x000000000b07f000 	/System/Library/Frameworks/GSS.framework/Versions/A/GSS
0x000000000b07f000 	/usr/lib/libresolv.9.dylib
0x000000000b07f000 	/usr/lib/libiconv.2.dylib
0x000000000b07f000 	/System/Library/PrivateFrameworks/Heimdal.framework/Versions/A/Heimdal
0x000000000b07f000 	/usr/lib/libheimdal-asn1.dylib
0x000000000b07f000 	/System/Library/Frameworks/OpenDirectory.framework/Versions/A/OpenDirectory
0x000000000b07f000 	/System/Library/PrivateFrameworks/CommonAuth.framework/Versions/A/CommonAuth
0x000000000b07f000 	/System/Library/Frameworks/OpenDirectory.framework/Versions/A/Frameworks/CFOpenDirectory.framework/Versions/A/CFOpenDirectory
0x000000000b07f000 	/System/Library/Frameworks/SecurityFoundation.framework/Versions/A/SecurityFoundation
0x000000000b07f000 	/System/Library/PrivateFrameworks/LanguageModeling.framework/Versions/A/LanguageModeling
0x000000000b07f000 	/usr/lib/libmarisa.dylib
0x000000000b07f000 	/usr/lib/libChineseTokenizer.dylib
0x000000000b07f000 	/usr/lib/libcmph.dylib
0x000000000b07f000 	/usr/lib/libcompression.dylib
0x000000000b07f000 	/System/Library/Frameworks/ServiceManagement.framework/Versions/A/ServiceManagement
0x000000000b07f000 	/usr/lib/libxslt.1.dylib
0x000000000b07f000 	/System/Library/Frameworks/Carbon.framework/Versions/A/Frameworks/Ink.framework/Versions/A/Ink
0x000000000b07f000 	/usr/lib/libFosl_dynamic.dylib
0x000000000b07f000 	/System/Library/PrivateFrameworks/FaceCore.framework/Versions/A/FaceCore
0x000000000b07f000 	/System/Library/Frameworks/OpenCL.framework/Versions/A/OpenCL
0x000000000b07f000 	/System/Library/PrivateFrameworks/CrashReporterSupport.framework/Versions/A/CrashReporterSupport
0x000000000b07f000 	/System/Library/PrivateFrameworks/IconServices.framework/Versions/A/IconServices
0x000000000b07f000 	/System/Library/PrivateFrameworks/Apple80211.framework/Versions/A/Apple80211
0x000000000b07f000 	/System/Library/Frameworks/CoreWLAN.framework/Versions/A/CoreWLAN
0x000000000b07f000 	/System/Library/Frameworks/IOBluetooth.framework/Versions/A/IOBluetooth
0x000000000b07f000 	/System/Library/PrivateFrameworks/CoreWiFi.framework/Versions/A/CoreWiFi
0x000000000b07f000 	/System/Library/Frameworks/CoreBluetooth.framework/Versions/A/CoreBluetooth
0x000000000b07f000 	/System/Library/PrivateFrameworks/ChunkingLibrary.framework/Versions/A/ChunkingLibrary
0x000000000b07f000 	/System/Library/PrivateFrameworks/DebugSymbols.framework/Versions/A/DebugSymbols
0x000000000b07f000 	/System/Library/PrivateFrameworks/CoreSymbolication.framework/Versions/A/CoreSymbolication
0x000000000b07f000 	/System/Library/PrivateFrameworks/Symbolication.framework/Versions/A/Symbolication
0x000000000b07f000 	/System/Library/PrivateFrameworks/SpeechRecognitionCore.framework/Versions/A/SpeechRecognitionCore
0x0000000109200000 	/Library/Java/JavaVirtualMachines/jdk1.8.0_91.jdk/Contents/Home/jre/lib/server/libjvm.dylib
0x000000000b07f000 	/usr/lib/libstdc++.6.dylib
0x00000001089ba000 	/Library/Java/JavaVirtualMachines/jdk1.8.0_91.jdk/Contents/Home/jre/lib/libverify.dylib
0x00000001089c8000 	/Library/Java/JavaVirtualMachines/jdk1.8.0_91.jdk/Contents/Home/jre/lib/libjava.dylib
0x000000010a194000 	/Library/Java/JavaVirtualMachines/jdk1.8.0_91.jdk/Contents/Home/jre/lib/libjdwp.dylib
0x000000010a1df000 	/Library/Java/JavaVirtualMachines/jdk1.8.0_91.jdk/Contents/Home/jre/lib/libnpt.dylib
0x000000010a1eb000 	/Library/Java/JavaVirtualMachines/jdk1.8.0_91.jdk/Contents/Home/jre/lib/libzip.dylib
0x000000011fb56000 	/System/Library/Frameworks/JavaVM.framework/Frameworks/JavaRuntimeSupport.framework/JavaRuntimeSupport
0x000000011fb71000 	/System/Library/Frameworks/JavaVM.framework/Versions/A/Frameworks/JavaNativeFoundation.framework/Versions/A/JavaNativeFoundation
0x000000011fb86000 	/System/Library/Frameworks/JavaVM.framework/Versions/A/JavaVM
0x000000000b07f000 	/System/Library/Frameworks/Carbon.framework/Versions/A/Carbon
0x000000011fb93000 	/System/Library/PrivateFrameworks/JavaLaunching.framework/Versions/A/JavaLaunching
0x000000000b07f000 	/System/Library/Frameworks/Carbon.framework/Versions/A/Frameworks/CommonPanels.framework/Versions/A/CommonPanels
0x000000000b07f000 	/System/Library/Frameworks/Carbon.framework/Versions/A/Frameworks/Help.framework/Versions/A/Help
0x000000000b07f000 	/System/Library/Frameworks/Carbon.framework/Versions/A/Frameworks/ImageCapture.framework/Versions/A/ImageCapture
0x000000000b07f000 	/System/Library/Frameworks/Carbon.framework/Versions/A/Frameworks/OpenScripting.framework/Versions/A/OpenScripting
0x000000000b07f000 	/System/Library/Frameworks/Carbon.framework/Versions/A/Frameworks/Print.framework/Versions/A/Print
0x000000000b07f000 	/System/Library/Frameworks/Carbon.framework/Versions/A/Frameworks/SecurityHI.framework/Versions/A/SecurityHI
0x00000001214b4000 	/Library/Java/JavaVirtualMachines/jdk1.8.0_91.jdk/Contents/Home/jre/lib/libdt_socket.dylib

VM Arguments:
jvm_args: -agentlib:jdwp=transport=dt_socket,suspend=y,address=localhost:49524 -Dfile.encoding=UTF-8 
java_command: com.problem1.Twitter1
java_class_path (initial): /Users/sowmyaparameshwara/Documents/workspaceJava/HackerRank/bin
Launcher Type: SUN_STANDARD

Environment Variables:
PATH=/usr/bin:/bin:/usr/sbin:/sbin
SHELL=/bin/zsh

Signal Handlers:
SIGSEGV: [libjvm.dylib+0x5a97a1], sa_mask[0]=11111111011111110111111111111111, sa_flags=SA_ONSTACK|SA_RESTART|SA_SIGINFO
SIGBUS: [libjvm.dylib+0x5a97a1], sa_mask[0]=11111111011111110111111111111111, sa_flags=SA_RESTART|SA_SIGINFO
SIGFPE: [libjvm.dylib+0x482594], sa_mask[0]=11111111011111110111111111111111, sa_flags=SA_RESTART|SA_SIGINFO
SIGPIPE: [libjvm.dylib+0x482594], sa_mask[0]=11111111011111110111111111111111, sa_flags=SA_RESTART|SA_SIGINFO
SIGXFSZ: [libjvm.dylib+0x482594], sa_mask[0]=11111111011111110111111111111111, sa_flags=SA_RESTART|SA_SIGINFO
SIGILL: [libjvm.dylib+0x482594], sa_mask[0]=11111111011111110111111111111111, sa_flags=SA_RESTART|SA_SIGINFO
SIGUSR1: SIG_DFL, sa_mask[0]=00000000000000000000000000000000, sa_flags=none
SIGUSR2: [libjvm.dylib+0x4820b2], sa_mask[0]=00100000000000000000000000000000, sa_flags=SA_RESTART|SA_SIGINFO
SIGHUP: [libjvm.dylib+0x480689], sa_mask[0]=11111111011111110111111111111111, sa_flags=SA_RESTART|SA_SIGINFO
SIGINT: [libjvm.dylib+0x480689], sa_mask[0]=11111111011111110111111111111111, sa_flags=SA_RESTART|SA_SIGINFO
SIGTERM: [libjvm.dylib+0x480689], sa_mask[0]=11111111011111110111111111111111, sa_flags=SA_RESTART|SA_SIGINFO
SIGQUIT: [libjvm.dylib+0x480689], sa_mask[0]=11111111011111110111111111111111, sa_flags=SA_RESTART|SA_SIGINFO


---------------  S Y S T E M  ---------------

OS:Bsduname:Darwin 15.3.0 Darwin Kernel Version 15.3.0: Thu Dec 10 18:40:58 PST 2015; root:xnu-3248.30.4~1/RELEASE_X86_64 x86_64
rlimit: STACK 8192k, CORE 0k, NPROC 709, NOFILE 10240, AS infinity
load average:2.73 2.40 2.32

CPU:total 4 (2 cores per cpu, 2 threads per core) family 6 model 61 stepping 4, cmov, cx8, fxsr, mmx, sse, sse2, sse3, ssse3, sse4.1, sse4.2, popcnt, avx, avx2, aes, clmul, erms, 3dnowpref, lzcnt, ht, tsc, tscinvbit, bmi1, bmi2, adx

Memory: 4k page, physical 8388608k(321944k free)

/proc/meminfo:


vm_info: Java HotSpot(TM) 64-Bit Server VM (25.91-b14) for bsd-amd64 JRE (1.8.0_91-b14), built on Apr  1 2016 01:03:00 by "java_re" with gcc 4.2.1 (Based on Apple Inc. build 5658) (LLVM build 2336.11.00)

time: Sat Feb 25 20:53:23 2017
elapsed time: 2050 seconds (0d 0h 34m 10s)

